<?xml version="1.0" encoding="UTF-8"?>
<!-- Generated by org.testng.reporters.JUnitReportReporter -->
<testsuite hostname="MAA15-CG128972Z" failures="0" tests="1" name="loginscreen.portfolio.Driverclass" time="12.397" errors="0" timestamp="2025-02-22T16:36:41 IST" skipped="0">
  <testcase classname="loginscreen.portfolio.Driverclass" name="genral" time="12.397"/>
</testsuite> <!-- loginscreen.portfolio.Driverclass -->
